************************************************************************
Not in type system
<object-type name="QArgument"/>
<object-type name="QCoreApplication::QPrivateSignal"/>
<object-type name="QEventLoop::QPrivateSignal"/>
<object-type name="QFile::QPrivateSignal"/>
<object-type name="QFileDevice::QPrivateSignal"/>
<object-type name="QGenericArgument"/>
<object-type name="QGenericReturnArgument"/>
<object-type name="QIODevice::QPrivateSignal"/>
<object-type name="QJSValue"/>
<object-type name="QMetaObject::Connection"/>
<object-type name="QMetaObject::SuperData"/>
<object-type name="QObject::QPrivateSignal"/>
<object-type name="QPointingDeviceUniqueId"/>
<object-type name="QQmlComponent"/>
<object-type name="QQmlError"/>
<object-type name="QQmlListProperty"/>
<object-type name="QQmlListReference"/>
<object-type name="QQmlParserStatus"/>
<object-type name="QQmlPropertyValueSource"/>
<object-type name="QQmlTypeInfo"/>
<object-type name="QQuickItem::QPrivateSignal"/>
<object-type name="QQuickPaintedItem::QPrivateSignal"/>
<object-type name="QQuickTransform::QPrivateSignal"/>
<object-type name="QReturnArgument"/>
<object-type name="QmlTypeAndRevisionsRegistration"/>
<object-type name="trikControl::BatteryInterface::QPrivateSignal"/>
<object-type name="trikControl::BrickInterface::QPrivateSignal"/>
<object-type name="trikControl::ColorSensorInterface::QPrivateSignal"/>
<object-type name="trikControl::DisplayInterface::QPrivateSignal"/>
<object-type name="trikControl::DisplayWidgetInterface::QPrivateSignal"/>
<object-type name="trikControl::EncoderInterface::QPrivateSignal"/>
<object-type name="trikControl::EventCodeInterface::QPrivateSignal"/>
<object-type name="trikControl::EventDeviceInterface::QPrivateSignal"/>
<object-type name="trikControl::EventInterface::QPrivateSignal"/>
<object-type name="trikControl::FifoInterface::QPrivateSignal"/>
<object-type name="trikControl::GamepadInterface::QPrivateSignal"/>
<object-type name="trikControl::GyroSensorInterface::QPrivateSignal"/>
<object-type name="trikControl::I2cDeviceInterface::QPrivateSignal"/>
<object-type name="trikControl::InternalBrickInterface::QPrivateSignal"/>
<object-type name="trikControl::InternalDisplayInterface::QPrivateSignal"/>
<object-type name="trikControl::IrCameraInterface::QPrivateSignal"/>
<object-type name="trikControl::KeysInterface::QPrivateSignal"/>
<object-type name="trikControl::LedInterface::QPrivateSignal"/>
<object-type name="trikControl::LidarInterface::QPrivateSignal"/>
<object-type name="trikControl::LineSensorInterface::QPrivateSignal"/>
<object-type name="trikControl::MarkerInterface::QPrivateSignal"/>
<object-type name="trikControl::MotorInterface::QPrivateSignal"/>
<object-type name="trikControl::ObjectSensorInterface::QPrivateSignal"/>
<object-type name="trikControl::PwmCaptureInterface::QPrivateSignal"/>
<object-type name="trikControl::SensorInterface::QPrivateSignal"/>
<object-type name="trikControl::SoundSensorInterface::QPrivateSignal"/>
<object-type name="trikControl::VectorSensorInterface::QPrivateSignal"/>
************************************************************************

************************************************************************
Generation disabled by type system
<object-type name="QAccessible"/>
<object-type name="QAccessibleActionInterface"/>
<object-type name="QAccessibleEditableTextInterface"/>
<object-type name="QAccessibleImageInterface"/>
<object-type name="QAccessibleInterface"/>
<object-type name="QAccessibleStateChangeEvent"/>
<object-type name="QAccessibleTableCellInterface"/>
<object-type name="QAccessibleTableInterface"/>
<object-type name="QAccessibleTableModelChangeEvent"/>
<object-type name="QAccessibleTextCursorEvent"/>
<object-type name="QAccessibleTextInsertEvent"/>
<object-type name="QAccessibleTextInterface"/>
<object-type name="QAccessibleTextRemoveEvent"/>
<object-type name="QAccessibleTextSelectionEvent"/>
<object-type name="QAccessibleTextUpdateEvent"/>
<object-type name="QAccessibleValueChangeEvent"/>
<object-type name="QAccessibleValueInterface"/>
<object-type name="QAlgorithmsPrivate"/>
<object-type name="QArrayData"/>
<object-type name="QArrayDataPointerRef"/>
<object-type name="QAssociativeIterable"/>
<object-type name="QAtomicInt"/>
<object-type name="QAtomicInteger"/>
<object-type name="QAtomicPointer"/>
<object-type name="QBasicAtomicInteger"/>
<object-type name="QBasicAtomicPointer"/>
<object-type name="QByteArrayDataPtr"/>
<object-type name="QChar"/>
<object-type name="QCharRef"/>
<object-type name="QColor::CT"/>
<object-type name="QContiguousCache"/>
<object-type name="QContiguousCacheData"/>
<object-type name="QContiguousCacheTypedData"/>
<object-type name="QDebug"/>
<object-type name="QDebugStateSaver"/>
<object-type name="QEnableSharedFromThis"/>
<object-type name="QEventLoopLocker"/>
<object-type name="QExplicitlySharedDataPointer"/>
<object-type name="QFlag"/>
<object-type name="QFlags"/>
<object-type name="QHash"/>
<object-type name="QHashData"/>
<object-type name="QHashDummyValue"/>
<object-type name="QHashIterator"/>
<object-type name="QHashNode"/>
<object-type name="QIncompatibleFlag"/>
<object-type name="QInputMethodQueryEvent::QueryPair"/>
<object-type name="QIntegerForSize>"/>
<object-type name="QIntegerForSizeof"/>
<object-type name="QInternal"/>
<object-type name="QKeyValueIterator"/>
<object-type name="QLatin1Char"/>
<object-type name="QLatin1String"/>
<object-type name="QList::MemoryLayout"/>
<object-type name="QList::Node"/>
<object-type name="QList::const_iterator"/>
<object-type name="QList::iterator"/>
<object-type name="QListData"/>
<object-type name="QListIterator"/>
<object-type name="QListSpecialMethods"/>
<object-type name="QMap"/>
<object-type name="QMapData"/>
<object-type name="QMapDataBase"/>
<object-type name="QMapIterator"/>
<object-type name="QMapNode"/>
<object-type name="QMapNodeBase"/>
<object-type name="QMetaTypeId"/>
<object-type name="QMetaTypeId2"/>
<object-type name="QMetaTypeIdQObject"/>
<object-type name="QMultiHash"/>
<object-type name="QMultiMap"/>
<object-type name="QMutableHashIterator"/>
<object-type name="QMutableListIterator"/>
<object-type name="QMutableMapIterator"/>
<object-type name="QMutableSetIterator"/>
<object-type name="QMutableVectorIterator"/>
<object-type name="QNoDebug"/>
<object-type name="QObjectData"/>
<object-type name="QObjectUserData"/>
<object-type name="QPointer"/>
<object-type name="QQuickItem::ItemChangeData"/>
<object-type name="QRegion::QRegionData"/>
<object-type name="QScopedArrayPointer"/>
<object-type name="QScopedPointer"/>
<object-type name="QScopedPointerArrayDeleter"/>
<object-type name="QScopedPointerDeleter"/>
<object-type name="QScopedPointerObjectDeleteLater"/>
<object-type name="QScopedPointerPodDeleter"/>
<object-type name="QSequentialIterable"/>
<object-type name="QSet"/>
<object-type name="QSetIterator"/>
<object-type name="QSharedData"/>
<object-type name="QSharedDataPointer"/>
<object-type name="QSharedPointer"/>
<object-type name="QStaticArrayData"/>
<object-type name="QStaticByteArrayData"/>
<object-type name="QStaticStringData"/>
<object-type name="QString"/>
<object-type name="QStringDataPtr"/>
<object-type name="QStringMatcher::Data"/>
<object-type name="QStringRef"/>
<object-type name="QStringView"/>
<object-type name="QTextStreamManipulator"/>
<object-type name="QTypeInfo"/>
<object-type name="QTypeInfoMerger"/>
<object-type name="QTypeInfoQuery"/>
<object-type name="QTypedArrayData"/>
<object-type name="QUrlTwoFlags"/>
<object-type name="QVarLengthArray"/>
<object-type name="QVariant"/>
<object-type name="QVariantComparisonHelper"/>
<object-type name="QVector::AlignmentDummy"/>
<object-type name="QVectorIterator"/>
<object-type name="QWeakPointer"/>
<object-type name="QtPrivate"/>
<object-type name="qGreater"/>
<object-type name="qLess"/>
<object-type name="std"/>
************************************************************************

************************************************************************
Type redefined to not be a class
<object-type name="QByteRef"/>
************************************************************************

************************************************************************
Unmatched argument type
************************************************************************

************************************************************************
Unmatched return type
************************************************************************

