************************************************************************
Not in type system
<enum-type name="AlignmentFlag"/>
<enum-type name="AlphaPosition"/>
<enum-type name="AlphaPremultiplied"/>
<enum-type name="AlphaUsage"/>
<enum-type name="AnchorPoint"/>
<enum-type name="ApplicationAttribute"/>
<enum-type name="ArrowType"/>
<enum-type name="AspectRatioMode"/>
<enum-type name="Axis"/>
<enum-type name="BrushStyle"/>
<enum-type name="ByteOrder"/>
<enum-type name="CaseSensitivity"/>
<enum-type name="Category"/>
<enum-type name="ClipOperation"/>
<enum-type name="ColorGroup"/>
<enum-type name="ColorRole"/>
<enum-type name="CombiningClass"/>
<enum-type name="ContextMenuPolicy"/>
<enum-type name="CoordinateSystem"/>
<enum-type name="Corner"/>
<enum-type name="CursorMoveStyle"/>
<enum-type name="CursorShape"/>
<enum-type name="DayOfWeek"/>
<enum-type name="Decomposition"/>
<enum-type name="Direction"/>
<enum-type name="DockWidgetArea"/>
<enum-type name="DockWidgetAreaSizes"/>
<enum-type name="DropAction"/>
<enum-type name="Edge"/>
<enum-type name="FillRule"/>
<enum-type name="FindChildOption"/>
<enum-type name="FocusReason"/>
<enum-type name="GestureFlag"/>
<enum-type name="GestureType"/>
<enum-type name="HitTestAccuracy"/>
<enum-type name="ImageConversionFlag"/>
<enum-type name="Initialization"/>
<enum-type name="InputMethodQuery"/>
<enum-type name="ItemDataRole"/>
<enum-type name="ItemFlag"/>
<enum-type name="ItemSelectionMode"/>
<enum-type name="ItemSelectionOperation"/>
<enum-type name="Joining"/>
<enum-type name="JoiningType"/>
<enum-type name="Key"/>
<enum-type name="LayoutDirection"/>
<enum-type name="MaskMode"/>
<enum-type name="MouseButton"/>
<enum-type name="MouseEventFlag"/>
<enum-type name="MouseEventSource"/>
<enum-type name="NavigationMode"/>
<enum-type name="NormalizationForm"/>
<enum-type name="PenCapStyle"/>
<enum-type name="PenJoinStyle"/>
<enum-type name="PenStyle"/>
<enum-type name="QGradient::Preset"/>
<enum-type name="ReturnByValueConstant"/>
<enum-type name="ScreenOrientation"/>
<enum-type name="Script"/>
<enum-type name="ScrollBarPolicy"/>
<enum-type name="ScrollPhase"/>
<enum-type name="SectionFlag"/>
<enum-type name="ShortcutContext"/>
<enum-type name="SizeHint"/>
<enum-type name="SizeMode"/>
<enum-type name="SortOrder"/>
<enum-type name="SplitBehavior"/>
<enum-type name="SplitBehaviorFlags"/>
<enum-type name="TabFocusBehavior"/>
<enum-type name="TextElideMode"/>
<enum-type name="TextFormat"/>
<enum-type name="TextInteractionFlag"/>
<enum-type name="TimeSpec"/>
<enum-type name="TimerType"/>
<enum-type name="ToolBarAreaSizes"/>
<enum-type name="ToolButtonStyle"/>
<enum-type name="TouchPointState"/>
<enum-type name="TransformationMode"/>
<enum-type name="TypeInterpretation"/>
<enum-type name="UIEffect"/>
<enum-type name="UnicodeVersion"/>
<enum-type name="WhiteSpaceMode"/>
<enum-type name="WindowFrameSection"/>
<enum-type name="WindowModality"/>
<enum-type name="WindowType"/>
<enum-type name="YUVLayout"/>
************************************************************************

************************************************************************
Generation disabled by type system
<enum-type name="QGradient::InterpolationMode"/>
<enum-type name="QSysInfo::MacVersion"/>
<enum-type name="QSysInfo::WinVersion"/>
<enum-type name="enum_1"/>
************************************************************************

************************************************************************
Type redefined to not be a class
************************************************************************

************************************************************************
Unmatched argument type
************************************************************************

************************************************************************
Unmatched return type
************************************************************************

