************************************************************************
Not in type system
<object-type name="AlignmentDummy"/>
<object-type name="CT"/>
<object-type name="ConnectionTypes"/>
<object-type name="Data"/>
<object-type name="MetaTypeDefinedHelper"/>
<object-type name="Null"/>
<object-type name="QGradient::QGradientData"/>
<object-type name="QMetaTypeTypeFlags"/>
<object-type name="QRecursiveMutex"/>
<object-type name="QSmartPointerConvertFunctor"/>
<object-type name="QStaticSlotObject"/>
<object-type name="const_iterator"/>
<object-type name="is_convertible_to_view_or_qstring"/>
<object-type name="is_convertible_to_view_or_qstring_helper"/>
<object-type name="iterator"/>
<object-type name="key_iterator"/>
************************************************************************

************************************************************************
Generation disabled by type system
<object-type name="QAlgorithmsPrivate"/>
<object-type name="QArrayDataPointerRef"/>
<object-type name="QAtomicInt"/>
<object-type name="QBrushData"/>
<object-type name="QByteArrayDataPtr"/>
<object-type name="QCharRef"/>
<object-type name="QEnableSharedFromThis"/>
<object-type name="QHashData"/>
<object-type name="QHashDummyValue"/>
<object-type name="QHashIterator"/>
<object-type name="QHashNode"/>
<object-type name="QIntegerForSize>"/>
<object-type name="QIntegerForSizeof"/>
<object-type name="QInternal"/>
<object-type name="QListIterator"/>
<object-type name="QListSpecialMethods"/>
<object-type name="QMetaTypeId"/>
<object-type name="QMetaTypeId2"/>
<object-type name="QMetaTypeIdQObject"/>
<object-type name="QMutableHashIterator"/>
<object-type name="QMutableListIterator"/>
<object-type name="QMutableVectorIterator"/>
<object-type name="QObjectData"/>
<object-type name="QRegionData"/>
<object-type name="QScopedPointerArrayDeleter"/>
<object-type name="QScopedPointerDeleter"/>
<object-type name="QScopedPointerObjectDeleteLater"/>
<object-type name="QScopedPointerPodDeleter"/>
<object-type name="QSharedData"/>
<object-type name="QStaticArrayData"/>
<object-type name="QStaticByteArrayData"/>
<object-type name="QStaticStringData"/>
<object-type name="QStringDataPtr"/>
<object-type name="QStringMatcher::Data"/>
<object-type name="QTypeInfo"/>
<object-type name="QTypeInfoMerger"/>
<object-type name="QTypeInfoQuery"/>
<object-type name="QVarLengthArray"/>
<object-type name="QVectorIterator"/>
<object-type name="QWidgetData"/>
<object-type name="QtPrivate"/>
<object-type name="qGreater"/>
<object-type name="qLess"/>
<object-type name="std"/>
************************************************************************

************************************************************************
Type redefined to not be a class
<object-type name="QByteRef"/>
************************************************************************

************************************************************************
Unmatched argument type
************************************************************************

************************************************************************
Unmatched return type
************************************************************************

