************************************************************************
Not in type system
************************************************************************

************************************************************************
Generation disabled by type system
QBrush::
QBrush::cleanUp
QBrush::data_ptr
QBrush::detach
QBrush::isDetached
QByteArray::
QByteArray::data_ptr
QByteArray::detach
QByteArray::isDetached
QColor::
QCursor::
QFont::
QFont::detach
QGradient::interpolationMode
QGradient::setInterpolationMode
QIODevice::d_func
QImage::
QImage::data_ptr
QImage::detach
QImage::isDetached
QKeySequence::
QKeySequence::data_ptr
QKeySequence::isDetached
QList::begin
QList::cbegin
QList::cend
QList::constBegin
QList::constEnd
QList::detach
QList::end
QList::erase
QList::fromSet
QList::insert
QList::isDetached
QList::node_construct
QList::node_copy
QList::node_destruct
QList::toSet
QMatrix::
QObject::connect
QObject::connectNotify
QObject::d_func
QObject::destroyed
QObject::disconnect
QObject::disconnectNotify
QObject::findChild
QObject::findChildren
QObject::receivers
QObject::registerUserData
QObject::setUserData
QObject::userData
QPalette::
QPalette::detach
QPixmap::
QPixmap::data_ptr
QPixmap::detach
QPixmap::fromImageInPlace
QPixmap::isDetached
QPolygon::
QPolygon::point
QPolygon::putPoints
QPolygon::setPoint
QPolygon::setPoints
QPolygonF::
QRegion::
QRegion::cleanUp
QRegion::detach
QSizePolicy::
QTransform::
QVector::back
QVector::begin
QVector::cbegin
QVector::cend
QVector::constBegin
QVector::constEnd
QVector::crbegin
QVector::crend
QVector::detach
QVector::end
QVector::erase
QVector::front
QVector::insert
QVector::isDetached
QVector::operator+=
QVector::rbegin
QVector::rend
QWidget::create
QWidget::d_func
QWidget::find
QWidget::internalWinId
Qt::qt_getEnumMetaObject
Qt::qt_getEnumName
************************************************************************

************************************************************************
Type redefined to not be a class
************************************************************************

************************************************************************
Unmatched argument type
QBasicMutex::fastTryLock QMutexData*&
QBasicMutex::fastTryUnlock QMutexData*&
QByteArray::QByteArray QByteArrayDataPtr
QByteArray::QByteArray Qt::Initialization
QByteArray::fromBase64Encoding QByteArray&&
QByteArray::fromStdString std::string const&
QByteArray::reallocData Data::AllocationOptions
QCursor::bitmap Qt::ReturnByValueConstant
QCursor::mask Qt::ReturnByValueConstant
QDataStream::__lshift__ qfloat16
QDataStream::__lshift__ std::nullptr_t
QDataStream::__rshift__ qfloat16&
QDataStream::__rshift__ std::nullptr_t&
QFont::qt_static_metacall QMetaObject::Call
QGradient::qt_static_metacall QMetaObject::Call
QIODevice::qt_metacall QMetaObject::Call
QIODevice::qt_static_metacall QMetaObject::Call
QImage::QImage QImageCleanupFunction
QImage::qt_static_metacall QMetaObject::Call
QKeySequence::qt_static_metacall QMetaObject::Call
QList::QList std::initializer_list<T>
QList::contains_impl QListData::ArrayCompatibleLayout
QList::contains_impl QListData::NotArrayCompatibleLayout
QList::count_impl QListData::ArrayCompatibleLayout
QList::count_impl QListData::NotArrayCompatibleLayout
QList::dealloc QListData::Data*
QList::fromStdList std::list<T> const&
QList::isValidIterator iterator const&
QList::op_eq_impl QListData::ArrayCompatibleLayout
QList::op_eq_impl QListData::NotArrayCompatibleLayout
QMatrix::QMatrix Qt::Initialization
QMetaObject::invokeMethod QGenericArgument
QMetaObject::invokeMethod QGenericReturnArgument
QMetaObject::metacall QMetaObject::Call
QMetaObject::newInstance QGenericArgument
QMetaObject::static_metacall QMetaObject::Call
QMetaType::QMetaType QMetaType::ExtensionFlag const
QMetaType::ctor QMetaTypeInterface const*
QMetaType::debugStream QDebug&
QMetaType::isExtended QMetaType::ExtensionFlag const
QMetaType::registerNormalizedType QMetaType::Deleter
QMetaType::registerNormalizedType QMetaType::Destructor
QMetaType::registerNormalizedType QMetaType::TypedDestructor
QMetaType::registerStreamOperators QMetaType::SaveOperator
QMetaType::registerType QMetaType::Deleter
QMetaType::registerType QMetaType::TypedDestructor
QObject::qt_metacall QMetaObject::Call
QObject::qt_static_metacall QMetaObject::Call
QPair::QPair QPair<TT1,TT2> const&
QPair::operator_assign QPair<TT1,TT2> const&
QPalette::qt_static_metacall QMetaObject::Call
QPixelFormat::get QPixelFormat::Field
QPixelFormat::set QPixelFormat::Field
QPixmap::QPixmap QPlatformPixmap*
QSignalBlocker::QSignalBlocker QSignalBlocker&&
QSignalBlocker::operator_assign QSignalBlocker&&
QSizePolicy::QSizePolicy Bits
QSizePolicy::qt_static_metacall QMetaObject::Call
QStringList::QStringList std::initializer_list<QString>
QTransform::QTransform Qt::Initialization
QVector::QVector QArrayDataPointerRef<T>
QVector::QVector std::initializer_list<T>
QVector::append T&&
QVector::freeData Data*
QVector::freeData QVector<T>::Data*
QVector::fromStdVector std::vector<T> const&
QVector::isValidIterator QVector<T>::iterator const&
QVector::operator_assign std::initializer_list<T>
QVector::prepend T&&
QVector::realloc QArrayData::AllocationOptions
QVector::reallocData QArrayData::AllocationOptions
QWidget::qt_metacall QMetaObject::Call
QWidget::qt_static_metacall QMetaObject::Call
trikControl::BatteryInterface::qt_metacall QMetaObject::Call
trikControl::BatteryInterface::qt_static_metacall QMetaObject::Call
trikControl::BrickFactory::create trikHal::HardwareAbstractionInterface&
trikControl::BrickInterface::qt_metacall QMetaObject::Call
trikControl::BrickInterface::qt_static_metacall QMetaObject::Call
trikControl::ColorSensorInterface::qt_metacall QMetaObject::Call
trikControl::ColorSensorInterface::qt_static_metacall QMetaObject::Call
trikControl::DisplayInterface::qt_metacall QMetaObject::Call
trikControl::DisplayInterface::qt_static_metacall QMetaObject::Call
trikControl::DisplayInterface::show QVector<int32_t> const&
trikControl::DisplayWidgetInterface::qt_metacall QMetaObject::Call
trikControl::DisplayWidgetInterface::qt_static_metacall QMetaObject::Call
trikControl::EncoderInterface::qt_metacall QMetaObject::Call
trikControl::EncoderInterface::qt_static_metacall QMetaObject::Call
trikControl::EventCodeInterface::qt_metacall QMetaObject::Call
trikControl::EventCodeInterface::qt_static_metacall QMetaObject::Call
trikControl::EventDeviceInterface::qt_metacall QMetaObject::Call
trikControl::EventDeviceInterface::qt_static_metacall QMetaObject::Call
trikControl::EventInterface::qt_metacall QMetaObject::Call
trikControl::EventInterface::qt_static_metacall QMetaObject::Call
trikControl::FifoInterface::newData QVector<uint8_t> const&
trikControl::FifoInterface::qt_metacall QMetaObject::Call
trikControl::FifoInterface::qt_static_metacall QMetaObject::Call
trikControl::GamepadInterface::qt_metacall QMetaObject::Call
trikControl::GamepadInterface::qt_static_metacall QMetaObject::Call
trikControl::GyroSensorInterface::qt_metacall QMetaObject::Call
trikControl::GyroSensorInterface::qt_static_metacall QMetaObject::Call
trikControl::I2cDeviceInterface::qt_metacall QMetaObject::Call
trikControl::I2cDeviceInterface::qt_static_metacall QMetaObject::Call
trikControl::IrCameraInterface::qt_metacall QMetaObject::Call
trikControl::IrCameraInterface::qt_static_metacall QMetaObject::Call
trikControl::KeysInterface::qt_metacall QMetaObject::Call
trikControl::KeysInterface::qt_static_metacall QMetaObject::Call
trikControl::LedInterface::qt_metacall QMetaObject::Call
trikControl::LedInterface::qt_static_metacall QMetaObject::Call
trikControl::LidarInterface::qt_metacall QMetaObject::Call
trikControl::LidarInterface::qt_static_metacall QMetaObject::Call
trikControl::LineSensorInterface::qt_metacall QMetaObject::Call
trikControl::LineSensorInterface::qt_static_metacall QMetaObject::Call
trikControl::MarkerInterface::qt_metacall QMetaObject::Call
trikControl::MarkerInterface::qt_static_metacall QMetaObject::Call
trikControl::MotorInterface::qt_metacall QMetaObject::Call
trikControl::MotorInterface::qt_static_metacall QMetaObject::Call
trikControl::ObjectSensorInterface::qt_metacall QMetaObject::Call
trikControl::ObjectSensorInterface::qt_static_metacall QMetaObject::Call
trikControl::PwmCaptureInterface::qt_metacall QMetaObject::Call
trikControl::PwmCaptureInterface::qt_static_metacall QMetaObject::Call
trikControl::SensorInterface::qt_metacall QMetaObject::Call
trikControl::SensorInterface::qt_static_metacall QMetaObject::Call
trikControl::SoundSensorInterface::qt_metacall QMetaObject::Call
trikControl::SoundSensorInterface::qt_static_metacall QMetaObject::Call
trikControl::VectorSensorInterface::qt_metacall QMetaObject::Call
trikControl::VectorSensorInterface::qt_static_metacall QMetaObject::Call
trikKernel::TimeVal::fromPackedUInt32 uint32_t
************************************************************************

************************************************************************
Unmatched return type
QBasicMutex::dummyLocked QMutexData*
QByteArray::crbegin QByteArray::const_reverse_iterator
QByteArray::crend QByteArray::const_reverse_iterator
QByteArray::rbegin QByteArray::const_reverse_iterator
QByteArray::rbegin QByteArray::reverse_iterator
QByteArray::rend QByteArray::const_reverse_iterator
QByteArray::rend QByteArray::reverse_iterator
QByteArray::toStdString std::string
QList::crbegin const_reverse_iterator
QList::crend const_reverse_iterator
QList::detach_helper_grow Node*
QList::rbegin const_reverse_iterator
QList::rbegin reverse_iterator
QList::rend const_reverse_iterator
QList::rend reverse_iterator
QList::toStdList std::list<T>
QMessageLogger::critical QDebug
QMessageLogger::debug QDebug
QMessageLogger::info QDebug
QMessageLogger::noDebug QNoDebug
QMessageLogger::warning QDebug
QMetaObject::connect Connection
QObject::connectImpl QMetaObject::Connection
QPixmap::handle QPlatformPixmap*
QRegion::crbegin QRegion::const_reverse_iterator
QRegion::crend QRegion::const_reverse_iterator
QRegion::rbegin QRegion::const_reverse_iterator
QRegion::rend QRegion::const_reverse_iterator
QSysInfo::macVersion QSysInfo::MacVersion
QSysInfo::windowsVersion QSysInfo::WinVersion
QVector::toStdVector std::vector<T>
Qt::__or__ QFlags<Alignment::enum_type>
Qt::__or__ QFlags<DockWidgetAreas::enum_type>
Qt::__or__ QFlags<DropActions::enum_type>
Qt::__or__ QFlags<Edges::enum_type>
Qt::__or__ QFlags<GestureFlags::enum_type>
Qt::__or__ QFlags<ImageConversionFlags::enum_type>
Qt::__or__ QFlags<InputMethodHints::enum_type>
Qt::__or__ QFlags<InputMethodQueries::enum_type>
Qt::__or__ QFlags<ItemFlags::enum_type>
Qt::__or__ QFlags<KeyboardModifiers::enum_type>
Qt::__or__ QFlags<MatchFlags::enum_type>
Qt::__or__ QFlags<MouseButtons::enum_type>
Qt::__or__ QFlags<MouseEventFlags::enum_type>
Qt::__or__ QFlags<Orientations::enum_type>
Qt::__or__ QFlags<ScreenOrientations::enum_type>
Qt::__or__ QFlags<SplitBehavior::enum_type>
Qt::__or__ QFlags<TextInteractionFlags::enum_type>
Qt::__or__ QFlags<ToolBarAreas::enum_type>
Qt::__or__ QFlags<TouchPointStates::enum_type>
Qt::__or__ QFlags<WindowFlags::enum_type>
Qt::__or__ QFlags<WindowStates::enum_type>
Qt::__or__ QIncompatibleFlag
trikControl::BrickInterface::getStillImage QVector<uint8_t>
trikControl::CameraDeviceInterface::getPhoto QVector<uint8_t>
trikControl::CameraDeviceInterface::qImageToQVector QVector<uint8_t>
trikControl::CameraDeviceInterface::status Status
trikControl::FifoInterface::readRaw QVector<uint8_t>
trikControl::I2cDeviceInterface::readX QVector<uint8_t>
trikControl::IrCameraInterface::getImage QVector<int32_t>
trikControl::IrCameraInterface::status Status
trikKernel::TimeVal::packedUInt32 uint32_t
************************************************************************

